2025-12-02 15:15:38,203 - INFO - 载入已有 0 条记录，避免重复。
2025-12-02 15:15:41,719 - WARNING - OpenAlex 请求失败 400 {"error":"Invalid query parameters error.","message":"host_venue is not a valid select field. Valid fields for select are: id, doi, title, display_name, relevance_score, publication_year, publication_
2025-12-02 15:15:42,914 - WARNING - OpenAlex 请求失败 400 {"error":"Invalid query parameters error.","message":"host_venue is not a valid select field. Valid fields for select are: id, doi, title, display_name, relevance_score, publication_year, publication_
2025-12-02 15:15:44,018 - WARNING - OpenAlex 请求失败 400 {"error":"Invalid query parameters error.","message":"host_venue is not a valid select field. Valid fields for select are: id, doi, title, display_name, relevance_score, publication_year, publication_
2025-12-02 15:15:44,377 - WARNING - OpenAlex 请求失败 400 {"error":"Invalid query parameters error.","message":"host_venue is not a valid select field. Valid fields for select are: id, doi, title, display_name, relevance_score, publication_year, publication_
2025-12-02 15:15:45,524 - WARNING - OpenAlex 请求失败 400 {"error":"Invalid query parameters error.","message":"host_venue is not a valid select field. Valid fields for select are: id, doi, title, display_name, relevance_score, publication_year, publication_
2025-12-02 15:15:46,241 - WARNING - OpenAlex 请求失败 400 {"error":"Invalid query parameters error.","message":"host_venue is not a valid select field. Valid fields for select are: id, doi, title, display_name, relevance_score, publication_year, publication_
2025-12-02 15:15:46,768 - WARNING - OpenAlex 请求失败 400 {"error":"Invalid query parameters error.","message":"host_venue is not a valid select field. Valid fields for select are: id, doi, title, display_name, relevance_score, publication_year, publication_
2025-12-02 15:15:48,032 - WARNING - OpenAlex 请求失败 400 {"error":"Invalid query parameters error.","message":"host_venue is not a valid select field. Valid fields for select are: id, doi, title, display_name, relevance_score, publication_year, publication_
2025-12-02 15:15:56,964 - WARNING - OpenAlex 请求失败 400 {"error":"Invalid query parameters error.","message":"host_venue is not a valid select field. Valid fields for select are: id, doi, title, display_name, relevance_score, publication_year, publication_
2025-12-02 15:15:57,365 - WARNING - OpenAlex 请求失败 400 {"error":"Invalid query parameters error.","message":"host_venue is not a valid select field. Valid fields for select are: id, doi, title, display_name, relevance_score, publication_year, publication_
2025-12-02 15:15:57,870 - WARNING - OpenAlex 请求失败 400 {"error":"Invalid query parameters error.","message":"host_venue is not a valid select field. Valid fields for select are: id, doi, title, display_name, relevance_score, publication_year, publication_
2025-12-02 15:15:58,382 - WARNING - OpenAlex 请求失败 400 {"error":"Invalid query parameters error.","message":"host_venue is not a valid select field. Valid fields for select are: id, doi, title, display_name, relevance_score, publication_year, publication_
2025-12-02 15:15:58,894 - WARNING - OpenAlex 请求失败 400 {"error":"Invalid query parameters error.","message":"host_venue is not a valid select field. Valid fields for select are: id, doi, title, display_name, relevance_score, publication_year, publication_
2025-12-02 15:15:59,372 - WARNING - OpenAlex 请求失败 400 {"error":"Invalid query parameters error.","message":"host_venue is not a valid select field. Valid fields for select are: id, doi, title, display_name, relevance_score, publication_year, publication_
2025-12-02 15:15:59,747 - WARNING - OpenAlex 请求失败 400 {"error":"Invalid query parameters error.","message":"host_venue is not a valid select field. Valid fields for select are: id, doi, title, display_name, relevance_score, publication_year, publication_
2025-12-02 15:16:00,178 - WARNING - OpenAlex 请求失败 400 {"error":"Invalid query parameters error.","message":"host_venue is not a valid select field. Valid fields for select are: id, doi, title, display_name, relevance_score, publication_year, publication_
2025-12-02 15:16:00,576 - WARNING - OpenAlex 请求失败 400 {"error":"Invalid query parameters error.","message":"host_venue is not a valid select field. Valid fields for select are: id, doi, title, display_name, relevance_score, publication_year, publication_
2025-12-02 15:16:00,989 - WARNING - OpenAlex 请求失败 400 {"error":"Invalid query parameters error.","message":"host_venue is not a valid select field. Valid fields for select are: id, doi, title, display_name, relevance_score, publication_year, publication_
2025-12-02 15:16:01,446 - WARNING - OpenAlex 请求失败 400 {"error":"Invalid query parameters error.","message":"host_venue is not a valid select field. Valid fields for select are: id, doi, title, display_name, relevance_score, publication_year, publication_
2025-12-02 15:16:01,855 - WARNING - OpenAlex 请求失败 400 {"error":"Invalid query parameters error.","message":"host_venue is not a valid select field. Valid fields for select are: id, doi, title, display_name, relevance_score, publication_year, publication_
2025-12-02 15:21:12,018 - INFO - 载入已有 0 条记录，避免重复。
2025-12-02 15:22:31,244 - INFO - 载入已有 0 条记录，避免重复。
2025-12-02 15:29:50,815 - INFO - 载入已有 0 条记录，避免重复。
2025-12-02 15:32:19,354 - INFO - 载入已有 0 条记录，避免重复。
2025-12-05 00:20:07,949 - INFO - 载入已有 0 条记录，避免重复。
2025-12-05 01:09:38,676 - INFO - 载入已有 0 条记录，避免重复。
2025-12-05 01:09:58,140 - INFO - 载入已有 0 条记录，避免重复。
2025-12-05 01:40:03,215 - INFO - 爬取完成，总计写入 0 条。
2025-12-05 01:41:54,755 - INFO - >>> 未发现 CSV 或未启用断点续爬，将从头开始并创建新文件
2025-12-05 01:41:57,466 - INFO - 爬取完成，总计写入 0 条。
2025-12-05 01:42:16,562 - INFO - >>> 未发现 CSV 或未启用断点续爬，将从头开始并创建新文件
2025-12-05 01:44:07,825 - INFO - >>> 未发现 CSV 或未启用断点续爬，将从头开始并创建新文件
2025-12-05 01:44:40,211 - INFO - >>> 检测到已有 65 条记录，将从 offset=65 开始续爬
2025-12-05 01:46:05,293 - INFO - >>> 检测到已有 285 条记录，将从 offset=285 开始续爬
2025-12-05 02:31:26,915 - INFO - 爬取完成，总计写入 8915 条。
2025-12-05 11:32:09,007 - INFO - >>> 检测到已有 8915 条记录，将从 offset=8915 开始续爬
2025-12-05 22:52:14,309 - INFO - >>> 未发现 CSV 或未启用断点续爬，将从头开始并创建新文件
2025-12-05 22:54:56,236 - INFO - >>> 未发现 CSV 或未启用断点续爬，将从头开始并创建新文件
2025-12-06 00:29:44,111 - INFO - 爬取完成，总计写入 9000 条。
2025-12-06 22:52:05,496 - INFO - >>> 未发现 CSV 或未启用断点续爬，将从头开始并创建新文件
2025-12-06 22:52:06,573 - WARNING - OpenAlex 请求失败 400 {"error":"Invalid query parameters error.","message":"until_publication_date is not a valid field. Valid fields are underscore or hyphenated versions of: abstract.search, abstract.search.no_stem, apc_
2025-12-06 22:52:06,903 - WARNING - OpenAlex 请求失败 400 {"error":"Invalid query parameters error.","message":"until_publication_date is not a valid field. Valid fields are underscore or hyphenated versions of: abstract.search, abstract.search.no_stem, apc_
2025-12-06 22:52:07,220 - WARNING - OpenAlex 请求失败 400 {"error":"Invalid query parameters error.","message":"until_publication_date is not a valid field. Valid fields are underscore or hyphenated versions of: abstract.search, abstract.search.no_stem, apc_
2025-12-06 22:52:07,542 - WARNING - OpenAlex 请求失败 400 {"error":"Invalid query parameters error.","message":"until_publication_date is not a valid field. Valid fields are underscore or hyphenated versions of: abstract.search, abstract.search.no_stem, apc_
2025-12-06 22:52:07,861 - WARNING - OpenAlex 请求失败 400 {"error":"Invalid query parameters error.","message":"until_publication_date is not a valid field. Valid fields are underscore or hyphenated versions of: abstract.search, abstract.search.no_stem, apc_
2025-12-06 22:52:08,205 - WARNING - OpenAlex 请求失败 400 {"error":"Invalid query parameters error.","message":"until_publication_date is not a valid field. Valid fields are underscore or hyphenated versions of: abstract.search, abstract.search.no_stem, apc_
2025-12-06 22:52:08,522 - WARNING - OpenAlex 请求失败 400 {"error":"Invalid query parameters error.","message":"until_publication_date is not a valid field. Valid fields are underscore or hyphenated versions of: abstract.search, abstract.search.no_stem, apc_
2025-12-06 22:52:08,838 - WARNING - OpenAlex 请求失败 400 {"error":"Invalid query parameters error.","message":"until_publication_date is not a valid field. Valid fields are underscore or hyphenated versions of: abstract.search, abstract.search.no_stem, apc_
2025-12-06 22:52:09,166 - WARNING - OpenAlex 请求失败 400 {"error":"Invalid query parameters error.","message":"until_publication_date is not a valid field. Valid fields are underscore or hyphenated versions of: abstract.search, abstract.search.no_stem, apc_
2025-12-06 22:52:09,510 - WARNING - OpenAlex 请求失败 400 {"error":"Invalid query parameters error.","message":"until_publication_date is not a valid field. Valid fields are underscore or hyphenated versions of: abstract.search, abstract.search.no_stem, apc_
2025-12-06 22:52:09,823 - WARNING - OpenAlex 请求失败 400 {"error":"Invalid query parameters error.","message":"until_publication_date is not a valid field. Valid fields are underscore or hyphenated versions of: abstract.search, abstract.search.no_stem, apc_
2025-12-06 22:52:10,155 - WARNING - OpenAlex 请求失败 400 {"error":"Invalid query parameters error.","message":"until_publication_date is not a valid field. Valid fields are underscore or hyphenated versions of: abstract.search, abstract.search.no_stem, apc_
2025-12-06 22:52:10,566 - WARNING - OpenAlex 请求失败 400 {"error":"Invalid query parameters error.","message":"until_publication_date is not a valid field. Valid fields are underscore or hyphenated versions of: abstract.search, abstract.search.no_stem, apc_
2025-12-06 22:52:10,915 - WARNING - OpenAlex 请求失败 400 {"error":"Invalid query parameters error.","message":"until_publication_date is not a valid field. Valid fields are underscore or hyphenated versions of: abstract.search, abstract.search.no_stem, apc_
2025-12-06 22:52:11,237 - WARNING - OpenAlex 请求失败 400 {"error":"Invalid query parameters error.","message":"until_publication_date is not a valid field. Valid fields are underscore or hyphenated versions of: abstract.search, abstract.search.no_stem, apc_
2025-12-06 22:52:11,575 - WARNING - OpenAlex 请求失败 400 {"error":"Invalid query parameters error.","message":"until_publication_date is not a valid field. Valid fields are underscore or hyphenated versions of: abstract.search, abstract.search.no_stem, apc_
2025-12-06 22:53:08,703 - INFO - >>> 未发现 CSV 或未启用断点续爬，将从头开始并创建新文件
2025-12-06 22:53:09,720 - WARNING - OpenAlex 请求失败 400 {"error":"Invalid query parameters error.","message":"until_publication_date is not a valid field. Valid fields are underscore or hyphenated versions of: abstract.search, abstract.search.no_stem, apc_
2025-12-06 22:53:10,040 - WARNING - OpenAlex 请求失败 400 {"error":"Invalid query parameters error.","message":"until_publication_date is not a valid field. Valid fields are underscore or hyphenated versions of: abstract.search, abstract.search.no_stem, apc_
2025-12-06 22:53:10,359 - WARNING - OpenAlex 请求失败 400 {"error":"Invalid query parameters error.","message":"until_publication_date is not a valid field. Valid fields are underscore or hyphenated versions of: abstract.search, abstract.search.no_stem, apc_
2025-12-06 22:53:10,676 - WARNING - OpenAlex 请求失败 400 {"error":"Invalid query parameters error.","message":"until_publication_date is not a valid field. Valid fields are underscore or hyphenated versions of: abstract.search, abstract.search.no_stem, apc_
2025-12-06 22:53:11,023 - WARNING - OpenAlex 请求失败 400 {"error":"Invalid query parameters error.","message":"until_publication_date is not a valid field. Valid fields are underscore or hyphenated versions of: abstract.search, abstract.search.no_stem, apc_
2025-12-06 22:53:11,342 - WARNING - OpenAlex 请求失败 400 {"error":"Invalid query parameters error.","message":"until_publication_date is not a valid field. Valid fields are underscore or hyphenated versions of: abstract.search, abstract.search.no_stem, apc_
2025-12-06 22:53:11,659 - WARNING - OpenAlex 请求失败 400 {"error":"Invalid query parameters error.","message":"until_publication_date is not a valid field. Valid fields are underscore or hyphenated versions of: abstract.search, abstract.search.no_stem, apc_
2025-12-06 22:54:00,522 - INFO - >>> 未发现 CSV 或未启用断点续爬，将从头开始并创建新文件
2025-12-06 22:54:01,936 - WARNING - OpenAlex 请求失败 400 {"error":"Invalid query parameters error.","message":"Value for param publication_year must be a number."}

2025-12-06 22:54:02,246 - WARNING - OpenAlex 请求失败 400 {"error":"Invalid query parameters error.","message":"Value for param publication_year must be a number."}

2025-12-06 22:54:02,557 - WARNING - OpenAlex 请求失败 400 {"error":"Invalid query parameters error.","message":"Value for param publication_year must be a number."}

2025-12-06 22:54:02,855 - WARNING - OpenAlex 请求失败 400 {"error":"Invalid query parameters error.","message":"Value for param publication_year must be a number."}

2025-12-06 22:54:03,197 - WARNING - OpenAlex 请求失败 400 {"error":"Invalid query parameters error.","message":"Value for param publication_year must be a number."}

2025-12-06 22:54:03,655 - WARNING - OpenAlex 请求失败 400 {"error":"Invalid query parameters error.","message":"Value for param publication_year must be a number."}

2025-12-06 22:54:24,972 - INFO - >>> 未发现 CSV 或未启用断点续爬，将从头开始并创建新文件
2025-12-06 23:15:38,014 - INFO - 爬取完成，总计写入 5000 条。
2025-12-07 00:13:54,700 - INFO - >>> 未发现 CSV 或未启用断点续爬，将从头开始并创建新文件
2025-12-07 00:15:37,332 - INFO - >>> 未发现 CSV 或未启用断点续爬，将从头开始并创建新文件
2025-12-07 00:15:37,348 - INFO - --- 正在抓取 2017 年的数据 ---
2025-12-07 00:18:38,922 - INFO - 2017 年完成，共写入 555 条
2025-12-07 00:18:38,926 - INFO - --- 正在抓取 2018 年的数据 ---
2025-12-07 00:21:28,221 - INFO - 2018 年完成，共写入 555 条
2025-12-07 00:21:28,225 - INFO - --- 正在抓取 2019 年的数据 ---
2025-12-07 00:24:23,275 - INFO - 2019 年完成，共写入 555 条
2025-12-07 00:24:23,276 - INFO - --- 正在抓取 2020 年的数据 ---
2025-12-07 00:27:22,117 - INFO - 2020 年完成，共写入 555 条
2025-12-07 00:27:22,119 - INFO - --- 正在抓取 2021 年的数据 ---
2025-12-07 00:30:24,465 - INFO - 2021 年完成，共写入 555 条
2025-12-07 00:30:24,467 - INFO - --- 正在抓取 2022 年的数据 ---
2025-12-07 00:33:28,144 - INFO - 2022 年完成，共写入 555 条
2025-12-07 00:33:28,146 - INFO - --- 正在抓取 2023 年的数据 ---
2025-12-07 00:36:39,709 - INFO - 2023 年完成，共写入 555 条
2025-12-07 00:36:39,712 - INFO - --- 正在抓取 2024 年的数据 ---
2025-12-07 00:39:48,275 - INFO - 2024 年完成，共写入 555 条
2025-12-07 00:39:48,277 - INFO - --- 正在抓取 2025 年的数据 ---
2025-12-07 00:42:45,167 - INFO - 2025 年完成，共写入 555 条
2025-12-07 00:42:45,170 - INFO - >>> 按年份采集完成，总计写入 4995 条
2025-12-07 00:42:45,177 - INFO - 爬取完成，总计写入 4995 条。
2025-12-12 23:35:30,169 - INFO - >>> 未发现 CSV 或未启用断点续爬，将从头开始并创建新文件
2025-12-12 23:35:30,184 - INFO - Requesting page=1, delivered=0
2025-12-12 23:35:30,966 - WARNING - OpenAlex 请求失败 400 {"error":"Invalid query parameters error.","message":"Invalid query parameter in primary_location.source.display_name!=\"Energies\"."}

2025-12-12 23:35:30,966 - INFO - 爬取完成，总计写入 0 条。
2025-12-12 23:37:24,516 - INFO - >>> 未发现 CSV 或未启用断点续爬，将从头开始并创建新文件
2025-12-12 23:37:24,532 - INFO - Requesting page=1, delivered=0
2025-12-12 23:37:25,351 - WARNING - OpenAlex 请求失败 400 {"error":"Invalid query parameters error.","message":"Invalid query parameter in source.id!=S4306402038."}

2025-12-12 23:37:25,351 - INFO - 爬取完成，总计写入 0 条。
2025-12-12 23:38:55,085 - INFO - >>> 未发现 CSV 或未启用断点续爬，将从头开始并创建新文件
2025-12-12 23:40:31,142 - INFO - >>> 未发现 CSV 或未启用断点续爬，将从头开始并创建新文件
2025-12-12 23:41:05,526 - INFO - >>> 未发现 CSV 或未启用断点续爬，将从头开始并创建新文件
2025-12-12 23:41:05,539 - INFO - --- 正在抓取 2017 年的数据 ---
2025-12-12 23:55:23,628 - INFO - >>> 未启用断点续爬或 CSV 不存在，将从头开始
2025-12-13 00:04:03,224 - INFO - >>> 未启用断点续爬或 CSV 不存在，将从头开始
2025-12-13 00:04:03,239 - INFO - --- 正在抓取 2017 年的数据 ---
2025-12-13 00:04:03,995 - WARNING - OpenAlex 请求失败 400 {"error":"Invalid query parameters error.","message":"host_venue and alternate_host_venues are deprecated in favor of locations. Read more here: https://groups.google.com/g/openalex-users/c/rRf34GRr-O
2025-12-13 00:04:04,292 - WARNING - OpenAlex 请求失败 400 {"error":"Invalid query parameters error.","message":"host_venue and alternate_host_venues are deprecated in favor of locations. Read more here: https://groups.google.com/g/openalex-users/c/rRf34GRr-O
2025-12-13 00:04:04,599 - WARNING - OpenAlex 请求失败 400 {"error":"Invalid query parameters error.","message":"host_venue and alternate_host_venues are deprecated in favor of locations. Read more here: https://groups.google.com/g/openalex-users/c/rRf34GRr-O
2025-12-13 00:04:04,890 - WARNING - OpenAlex 请求失败 400 {"error":"Invalid query parameters error.","message":"host_venue and alternate_host_venues are deprecated in favor of locations. Read more here: https://groups.google.com/g/openalex-users/c/rRf34GRr-O
2025-12-13 00:04:05,187 - WARNING - OpenAlex 请求失败 400 {"error":"Invalid query parameters error.","message":"host_venue and alternate_host_venues are deprecated in favor of locations. Read more here: https://groups.google.com/g/openalex-users/c/rRf34GRr-O
2025-12-13 00:04:05,483 - WARNING - OpenAlex 请求失败 400 {"error":"Invalid query parameters error.","message":"host_venue and alternate_host_venues are deprecated in favor of locations. Read more here: https://groups.google.com/g/openalex-users/c/rRf34GRr-O
2025-12-13 00:04:05,773 - WARNING - OpenAlex 请求失败 400 {"error":"Invalid query parameters error.","message":"host_venue and alternate_host_venues are deprecated in favor of locations. Read more here: https://groups.google.com/g/openalex-users/c/rRf34GRr-O
2025-12-13 00:04:06,064 - WARNING - OpenAlex 请求失败 400 {"error":"Invalid query parameters error.","message":"host_venue and alternate_host_venues are deprecated in favor of locations. Read more here: https://groups.google.com/g/openalex-users/c/rRf34GRr-O
2025-12-13 00:04:06,359 - WARNING - OpenAlex 请求失败 400 {"error":"Invalid query parameters error.","message":"host_venue and alternate_host_venues are deprecated in favor of locations. Read more here: https://groups.google.com/g/openalex-users/c/rRf34GRr-O
2025-12-13 00:04:07,156 - WARNING - OpenAlex 请求失败 400 {"error":"Invalid query parameters error.","message":"host_venue and alternate_host_venues are deprecated in favor of locations. Read more here: https://groups.google.com/g/openalex-users/c/rRf34GRr-O
2025-12-13 00:04:07,457 - WARNING - OpenAlex 请求失败 400 {"error":"Invalid query parameters error.","message":"host_venue and alternate_host_venues are deprecated in favor of locations. Read more here: https://groups.google.com/g/openalex-users/c/rRf34GRr-O
2025-12-13 00:04:07,758 - WARNING - OpenAlex 请求失败 400 {"error":"Invalid query parameters error.","message":"host_venue and alternate_host_venues are deprecated in favor of locations. Read more here: https://groups.google.com/g/openalex-users/c/rRf34GRr-O
2025-12-13 00:04:08,059 - WARNING - OpenAlex 请求失败 400 {"error":"Invalid query parameters error.","message":"host_venue and alternate_host_venues are deprecated in favor of locations. Read more here: https://groups.google.com/g/openalex-users/c/rRf34GRr-O
2025-12-13 00:04:08,360 - WARNING - OpenAlex 请求失败 400 {"error":"Invalid query parameters error.","message":"host_venue and alternate_host_venues are deprecated in favor of locations. Read more here: https://groups.google.com/g/openalex-users/c/rRf34GRr-O
2025-12-13 00:04:08,663 - WARNING - OpenAlex 请求失败 400 {"error":"Invalid query parameters error.","message":"host_venue and alternate_host_venues are deprecated in favor of locations. Read more here: https://groups.google.com/g/openalex-users/c/rRf34GRr-O
2025-12-13 00:04:09,004 - WARNING - OpenAlex 请求失败 400 {"error":"Invalid query parameters error.","message":"host_venue and alternate_host_venues are deprecated in favor of locations. Read more here: https://groups.google.com/g/openalex-users/c/rRf34GRr-O
2025-12-13 00:04:09,300 - WARNING - OpenAlex 请求失败 400 {"error":"Invalid query parameters error.","message":"host_venue and alternate_host_venues are deprecated in favor of locations. Read more here: https://groups.google.com/g/openalex-users/c/rRf34GRr-O
2025-12-13 00:04:09,590 - WARNING - OpenAlex 请求失败 400 {"error":"Invalid query parameters error.","message":"host_venue and alternate_host_venues are deprecated in favor of locations. Read more here: https://groups.google.com/g/openalex-users/c/rRf34GRr-O
2025-12-13 00:04:09,895 - WARNING - OpenAlex 请求失败 400 {"error":"Invalid query parameters error.","message":"host_venue and alternate_host_venues are deprecated in favor of locations. Read more here: https://groups.google.com/g/openalex-users/c/rRf34GRr-O
2025-12-13 00:04:10,202 - WARNING - OpenAlex 请求失败 400 {"error":"Invalid query parameters error.","message":"host_venue and alternate_host_venues are deprecated in favor of locations. Read more here: https://groups.google.com/g/openalex-users/c/rRf34GRr-O
2025-12-13 00:04:10,492 - WARNING - OpenAlex 请求失败 400 {"error":"Invalid query parameters error.","message":"host_venue and alternate_host_venues are deprecated in favor of locations. Read more here: https://groups.google.com/g/openalex-users/c/rRf34GRr-O
2025-12-13 00:04:10,873 - WARNING - OpenAlex 请求失败 400 {"error":"Invalid query parameters error.","message":"host_venue and alternate_host_venues are deprecated in favor of locations. Read more here: https://groups.google.com/g/openalex-users/c/rRf34GRr-O
2025-12-13 00:04:11,172 - WARNING - OpenAlex 请求失败 400 {"error":"Invalid query parameters error.","message":"host_venue and alternate_host_venues are deprecated in favor of locations. Read more here: https://groups.google.com/g/openalex-users/c/rRf34GRr-O
2025-12-13 00:05:26,594 - INFO - >>> 未启用断点续爬或 CSV 不存在，将从头开始
2025-12-13 00:05:26,611 - INFO - --- 正在抓取 2017 年的数据 ---
2025-12-13 00:05:27,580 - WARNING - OpenAlex 请求失败 400 {"error":"Invalid query parameters error.","message":"Invalid query parameter in locations.source.publisher!=\"MDPI\"."}

2025-12-13 00:05:27,887 - WARNING - OpenAlex 请求失败 400 {"error":"Invalid query parameters error.","message":"Invalid query parameter in locations.source.publisher!=\"MDPI\"."}

2025-12-13 00:05:28,190 - WARNING - OpenAlex 请求失败 400 {"error":"Invalid query parameters error.","message":"Invalid query parameter in locations.source.publisher!=\"MDPI\"."}

2025-12-13 00:05:28,486 - WARNING - OpenAlex 请求失败 400 {"error":"Invalid query parameters error.","message":"Invalid query parameter in locations.source.publisher!=\"MDPI\"."}

2025-12-13 00:05:29,013 - WARNING - OpenAlex 请求失败 400 {"error":"Invalid query parameters error.","message":"Invalid query parameter in locations.source.publisher!=\"MDPI\"."}

2025-12-13 00:05:29,384 - WARNING - OpenAlex 请求失败 400 {"error":"Invalid query parameters error.","message":"Invalid query parameter in locations.source.publisher!=\"MDPI\"."}

2025-12-13 00:05:29,686 - WARNING - OpenAlex 请求失败 400 {"error":"Invalid query parameters error.","message":"Invalid query parameter in locations.source.publisher!=\"MDPI\"."}

2025-12-13 00:05:29,981 - WARNING - OpenAlex 请求失败 400 {"error":"Invalid query parameters error.","message":"Invalid query parameter in locations.source.publisher!=\"MDPI\"."}

2025-12-13 00:05:30,276 - WARNING - OpenAlex 请求失败 400 {"error":"Invalid query parameters error.","message":"Invalid query parameter in locations.source.publisher!=\"MDPI\"."}

2025-12-13 00:10:12,916 - INFO - >>> 未启用断点续爬或 CSV 不存在，将从头开始
2025-12-13 00:10:12,933 - INFO - --- 正在抓取 2017 年的数据 ---
2025-12-13 00:10:13,654 - WARNING - OpenAlex 请求失败 400 {"error":"Invalid query parameters error.","message":"not is not a valid field. Valid fields are underscore or hyphenated versions of: abstract.search, abstract.search.no_stem, apc_list.currency, apc_
2025-12-13 00:10:14,305 - WARNING - OpenAlex 请求失败 400 {"error":"Invalid query parameters error.","message":"not is not a valid field. Valid fields are underscore or hyphenated versions of: abstract.search, abstract.search.no_stem, apc_list.currency, apc_
2025-12-13 00:10:14,638 - WARNING - OpenAlex 请求失败 400 {"error":"Invalid query parameters error.","message":"not is not a valid field. Valid fields are underscore or hyphenated versions of: abstract.search, abstract.search.no_stem, apc_list.currency, apc_
2025-12-13 00:10:14,954 - WARNING - OpenAlex 请求失败 400 {"error":"Invalid query parameters error.","message":"not is not a valid field. Valid fields are underscore or hyphenated versions of: abstract.search, abstract.search.no_stem, apc_list.currency, apc_
2025-12-13 00:10:15,475 - WARNING - OpenAlex 请求失败 400 {"error":"Invalid query parameters error.","message":"not is not a valid field. Valid fields are underscore or hyphenated versions of: abstract.search, abstract.search.no_stem, apc_list.currency, apc_
2025-12-13 00:10:15,842 - WARNING - OpenAlex 请求失败 400 {"error":"Invalid query parameters error.","message":"not is not a valid field. Valid fields are underscore or hyphenated versions of: abstract.search, abstract.search.no_stem, apc_list.currency, apc_
2025-12-13 00:10:16,157 - WARNING - OpenAlex 请求失败 400 {"error":"Invalid query parameters error.","message":"not is not a valid field. Valid fields are underscore or hyphenated versions of: abstract.search, abstract.search.no_stem, apc_list.currency, apc_
2025-12-13 00:18:01,898 - INFO - >>> 未启用断点续爬或 CSV 不存在，将从头开始
2025-12-13 00:18:01,912 - INFO - --- 正在抓取 2017 年的数据 ---
2025-12-13 00:18:24,389 - INFO - 2017 年完成，共写入 0 条
2025-12-13 00:18:24,391 - INFO - --- 正在抓取 2018 年的数据 ---
2025-12-13 00:18:47,554 - INFO - 2018 年完成，共写入 0 条
2025-12-13 00:18:47,556 - INFO - --- 正在抓取 2019 年的数据 ---
2025-12-13 00:21:31,860 - INFO - >>> 未启用断点续爬或 CSV 不存在，将从头开始
2025-12-13 00:21:31,875 - INFO - --- 正在抓取 2017 年的数据 ---
2025-12-13 00:21:57,403 - INFO - 2017 年完成，共写入 0 条
2025-12-13 00:21:57,405 - INFO - --- 正在抓取 2018 年的数据 ---
2025-12-13 00:22:43,406 - INFO - >>> 未启用断点续爬或 CSV 不存在，将从头开始
2025-12-13 00:22:43,420 - INFO - --- 正在抓取 1990 年的数据 ---
2025-12-13 00:23:06,432 - INFO - 1990 年完成，共写入 0 条
2025-12-13 00:23:06,433 - INFO - --- 正在抓取 1991 年的数据 ---
2025-12-13 00:26:37,413 - INFO - >>> 未启用断点续爬或 CSV 不存在，将从头开始
2025-12-13 00:26:37,428 - INFO - --- 正在抓取 1990 年的数据 ---
2025-12-13 00:27:02,447 - INFO - 1990 年完成，共写入 0 条
2025-12-13 00:27:02,462 - INFO - --- 正在抓取 1991 年的数据 ---
2025-12-13 00:27:26,028 - INFO - 1991 年完成，共写入 0 条
2025-12-13 00:27:26,029 - INFO - --- 正在抓取 1992 年的数据 ---
2025-12-13 00:27:48,421 - INFO - 1992 年完成，共写入 0 条
2025-12-13 00:27:48,423 - INFO - --- 正在抓取 1993 年的数据 ---
2025-12-13 00:28:12,691 - INFO - 1993 年完成，共写入 0 条
2025-12-13 00:28:12,692 - INFO - --- 正在抓取 1994 年的数据 ---
2025-12-13 00:28:56,714 - INFO - >>> 未启用断点续爬或 CSV 不存在，将从头开始
2025-12-13 00:28:56,729 - INFO - --- 正在抓取 2020 年的数据 ---
2025-12-13 00:29:20,998 - INFO - 2020 年完成，共写入 0 条
2025-12-13 00:29:20,999 - INFO - --- 正在抓取 2021 年的数据 ---
2025-12-13 00:32:59,012 - INFO - >>> 未启用断点续爬或 CSV 不存在，将从头开始
2025-12-13 00:32:59,030 - INFO - --- 正在抓取 1990 年的数据 ---
2025-12-13 00:32:59,820 - INFO - 1990 年完成，共写入 0 条
2025-12-13 00:32:59,820 - INFO - --- 正在抓取 1991 年的数据 ---
2025-12-13 00:33:00,428 - INFO - 1991 年完成，共写入 0 条
2025-12-13 00:33:00,428 - INFO - --- 正在抓取 1992 年的数据 ---
2025-12-13 00:33:00,742 - INFO - 1992 年完成，共写入 0 条
2025-12-13 00:33:00,742 - INFO - --- 正在抓取 1993 年的数据 ---
2025-12-13 00:33:01,079 - INFO - 1993 年完成，共写入 0 条
2025-12-13 00:33:01,079 - INFO - --- 正在抓取 1994 年的数据 ---
2025-12-13 00:33:01,616 - INFO - 1994 年完成，共写入 0 条
2025-12-13 00:33:01,616 - INFO - --- 正在抓取 1995 年的数据 ---
2025-12-13 00:33:01,942 - INFO - 1995 年完成，共写入 0 条
2025-12-13 00:33:01,942 - INFO - --- 正在抓取 1996 年的数据 ---
2025-12-13 00:33:02,283 - INFO - 1996 年完成，共写入 0 条
2025-12-13 00:33:02,284 - INFO - --- 正在抓取 1997 年的数据 ---
2025-12-13 00:33:02,694 - INFO - 1997 年完成，共写入 0 条
2025-12-13 00:33:02,695 - INFO - --- 正在抓取 1998 年的数据 ---
2025-12-13 00:33:03,086 - INFO - 1998 年完成，共写入 0 条
2025-12-13 00:33:03,159 - INFO - --- 正在抓取 1999 年的数据 ---
2025-12-13 00:33:03,520 - INFO - 1999 年完成，共写入 0 条
2025-12-13 00:33:03,520 - INFO - --- 正在抓取 2000 年的数据 ---
2025-12-13 00:33:03,898 - INFO - 2000 年完成，共写入 0 条
2025-12-13 00:33:03,898 - INFO - --- 正在抓取 2001 年的数据 ---
2025-12-13 00:33:04,218 - INFO - 2001 年完成，共写入 0 条
2025-12-13 00:33:04,218 - INFO - --- 正在抓取 2002 年的数据 ---
2025-12-13 00:33:04,536 - INFO - 2002 年完成，共写入 0 条
2025-12-13 00:33:04,537 - INFO - --- 正在抓取 2003 年的数据 ---
2025-12-13 00:33:04,857 - INFO - 2003 年完成，共写入 0 条
2025-12-13 00:33:04,857 - INFO - --- 正在抓取 2004 年的数据 ---
2025-12-13 00:33:05,194 - INFO - 2004 年完成，共写入 0 条
2025-12-13 00:33:05,194 - INFO - --- 正在抓取 2005 年的数据 ---
2025-12-13 00:33:05,531 - INFO - 2005 年完成，共写入 0 条
2025-12-13 00:33:05,532 - INFO - --- 正在抓取 2006 年的数据 ---
2025-12-13 00:33:05,848 - INFO - 2006 年完成，共写入 0 条
2025-12-13 00:33:05,848 - INFO - --- 正在抓取 2007 年的数据 ---
2025-12-13 00:33:06,157 - INFO - 2007 年完成，共写入 0 条
2025-12-13 00:33:06,157 - INFO - --- 正在抓取 2008 年的数据 ---
2025-12-13 00:33:06,498 - INFO - 2008 年完成，共写入 0 条
2025-12-13 00:33:06,498 - INFO - --- 正在抓取 2009 年的数据 ---
2025-12-13 00:33:07,004 - INFO - 2009 年完成，共写入 0 条
2025-12-13 00:33:07,004 - INFO - --- 正在抓取 2010 年的数据 ---
2025-12-13 00:33:07,600 - INFO - 2010 年完成，共写入 0 条
2025-12-13 00:33:07,600 - INFO - --- 正在抓取 2011 年的数据 ---
2025-12-13 00:33:07,914 - INFO - 2011 年完成，共写入 0 条
2025-12-13 00:33:07,915 - INFO - --- 正在抓取 2012 年的数据 ---
2025-12-13 00:33:08,246 - INFO - 2012 年完成，共写入 0 条
2025-12-13 00:33:08,246 - INFO - --- 正在抓取 2013 年的数据 ---
2025-12-13 00:33:08,571 - INFO - 2013 年完成，共写入 0 条
2025-12-13 00:33:08,571 - INFO - --- 正在抓取 2014 年的数据 ---
2025-12-13 00:33:08,910 - INFO - 2014 年完成，共写入 0 条
2025-12-13 00:33:08,910 - INFO - --- 正在抓取 2015 年的数据 ---
2025-12-13 00:33:09,307 - INFO - 2015 年完成，共写入 0 条
2025-12-13 00:33:09,308 - INFO - --- 正在抓取 2016 年的数据 ---
2025-12-13 00:33:09,611 - INFO - 2016 年完成，共写入 0 条
2025-12-13 00:33:09,612 - INFO - --- 正在抓取 2017 年的数据 ---
2025-12-13 00:33:09,942 - INFO - 2017 年完成，共写入 0 条
2025-12-13 00:33:09,943 - INFO - --- 正在抓取 2018 年的数据 ---
2025-12-13 00:33:10,259 - INFO - 2018 年完成，共写入 0 条
2025-12-13 00:33:10,259 - INFO - --- 正在抓取 2019 年的数据 ---
2025-12-13 00:33:10,812 - INFO - 2019 年完成，共写入 0 条
2025-12-13 00:33:10,813 - INFO - --- 正在抓取 2020 年的数据 ---
2025-12-13 00:33:11,163 - INFO - 2020 年完成，共写入 0 条
2025-12-13 00:33:11,163 - INFO - --- 正在抓取 2021 年的数据 ---
2025-12-13 00:33:11,470 - INFO - 2021 年完成，共写入 0 条
2025-12-13 00:33:11,470 - INFO - --- 正在抓取 2022 年的数据 ---
2025-12-13 00:33:11,786 - INFO - 2022 年完成，共写入 0 条
2025-12-13 00:33:11,786 - INFO - --- 正在抓取 2023 年的数据 ---
2025-12-13 00:33:12,116 - INFO - 2023 年完成，共写入 0 条
2025-12-13 00:33:12,116 - INFO - --- 正在抓取 2024 年的数据 ---
2025-12-13 00:33:12,431 - INFO - 2024 年完成，共写入 0 条
2025-12-13 00:33:12,431 - INFO - --- 正在抓取 2025 年的数据 ---
2025-12-13 00:33:12,746 - INFO - 2025 年完成，共写入 0 条
2025-12-13 00:33:12,752 - INFO - >>> 按年份采集完成，总计写入 0 条
2025-12-13 00:33:12,753 - INFO - 爬取完成，总计写入 0 条。
2025-12-13 00:41:42,239 - INFO - >>> 未启用断点续爬或 CSV 不存在，将从头开始
2025-12-13 00:41:42,254 - INFO - --- 正在抓取 2017 年的数据 ---
2025-12-13 00:42:54,464 - INFO - 2017 年完成，共写入 0 条
2025-12-13 00:42:54,465 - INFO - --- 正在抓取 2018 年的数据 ---
2025-12-13 00:44:01,659 - INFO - 2018 年完成，共写入 0 条
2025-12-13 00:44:01,660 - INFO - --- 正在抓取 2019 年的数据 ---
2025-12-13 00:45:12,210 - INFO - 2019 年完成，共写入 0 条
2025-12-13 00:45:12,212 - INFO - --- 正在抓取 2020 年的数据 ---
2025-12-13 00:46:24,534 - INFO - 2020 年完成，共写入 0 条
2025-12-13 00:46:24,536 - INFO - --- 正在抓取 2021 年的数据 ---
2025-12-13 00:47:34,575 - INFO - 2021 年完成，共写入 0 条
2025-12-13 00:47:34,577 - INFO - --- 正在抓取 2022 年的数据 ---
2025-12-13 00:48:44,818 - INFO - 2022 年完成，共写入 0 条
2025-12-13 00:48:44,822 - INFO - --- 正在抓取 2023 年的数据 ---
2025-12-13 00:49:54,658 - INFO - 2023 年完成，共写入 0 条
2025-12-13 00:49:54,660 - INFO - --- 正在抓取 2024 年的数据 ---
2025-12-13 00:51:08,811 - INFO - 2024 年完成，共写入 0 条
2025-12-13 00:51:08,812 - INFO - --- 正在抓取 2025 年的数据 ---
2025-12-13 00:52:20,165 - INFO - 2025 年完成，共写入 0 条
2025-12-13 00:52:20,165 - INFO - >>> 采集完成，共写入 0 条
2025-12-13 00:52:20,167 - INFO - 爬取完成，总计写入 0 条。
